#
# There is insufficient memory for the Java Runtime Environment to continue.
# Native memory allocation (malloc) failed to allocate 1512336 bytes for Chunk::new
# Possible reasons:
#   The system is out of physical RAM or swap space
#   In 32 bit mode, the process size limit was hit
# Possible solutions:
#   Reduce memory load on the system
#   Increase physical memory or swap space
#   Check if swap backing store is full
#   Use 64 bit Java on a 64 bit OS
#   Decrease Java heap size (-Xmx/-Xms)
#   Decrease number of Java threads
#   Decrease Java thread stack sizes (-Xss)
#   Set larger code cache with -XX:ReservedCodeCacheSize=
# This output file may be truncated or incomplete.
#
#  Out of Memory Error (allocation.cpp:390), pid=9240, tid=11176
#
# JRE version: Java(TM) SE Runtime Environment (8.0_45-b15) (build 1.8.0_45-b15)
# Java VM: Java HotSpot(TM) 64-Bit Server VM (25.45-b02 mixed mode windows-amd64 compressed oops)
# Failed to write core dump. Minidumps are not enabled by default on client versions of Windows
#

---------------  T H R E A D  ---------------

Current thread (0x0000000014f0e000):  JavaThread "C2 CompilerThread0" daemon [_thread_in_native, id=11176, stack(0x0000000016480000,0x0000000016580000)]

Stack: [0x0000000016480000,0x0000000016580000]
Native frames: (J=compiled Java code, j=interpreted, Vv=VM code, C=native code)
V  [jvm.dll+0x32b57a]
V  [jvm.dll+0x279873]
V  [jvm.dll+0x27a509]
V  [jvm.dll+0x271825]
V  [jvm.dll+0xcb9e2]
V  [jvm.dll+0xcbeac]
V  [jvm.dll+0x476ef2]
V  [jvm.dll+0x4b955f]
V  [jvm.dll+0x46bf81]
V  [jvm.dll+0x46ccbe]
V  [jvm.dll+0x4500f2]
V  [jvm.dll+0xa4352]
V  [jvm.dll+0xa4c8f]
V  [jvm.dll+0x241984]
V  [jvm.dll+0x29853a]
C  [msvcr100.dll+0x21d9f]
C  [msvcr100.dll+0x21e3b]
C  [KERNEL32.DLL+0x13d2]
C  [ntdll.dll+0x15454]


Current CompileTask:
C2:  13445 1158       4       com.android.dx.ssa.back.LivenessAnalyzer::run (231 bytes)


---------------  P R O C E S S  ---------------

Java Threads: ( => current thread )
  0x0000000016785800 JavaThread "Service Thread" daemon [_thread_blocked, id=5136, stack(0x0000000016b80000,0x0000000016c80000)]
  0x0000000014f69000 JavaThread "C1 CompilerThread2" daemon [_thread_blocked, id=9188, stack(0x0000000016680000,0x0000000016780000)]
  0x0000000014f66800 JavaThread "C2 CompilerThread1" daemon [_thread_in_native, id=396, stack(0x0000000016580000,0x0000000016680000)]
=>0x0000000014f0e000 JavaThread "C2 CompilerThread0" daemon [_thread_in_native, id=11176, stack(0x0000000016480000,0x0000000016580000)]
  0x0000000014f0b000 JavaThread "Attach Listener" daemon [_thread_blocked, id=10568, stack(0x0000000016380000,0x0000000016480000)]
  0x0000000014f0a000 JavaThread "Signal Dispatcher" daemon [_thread_blocked, id=9492, stack(0x0000000016280000,0x0000000016380000)]
  0x0000000002837000 JavaThread "Finalizer" daemon [_thread_blocked, id=11428, stack(0x0000000016180000,0x0000000016280000)]
  0x000000000282e000 JavaThread "Reference Handler" daemon [_thread_blocked, id=8808, stack(0x0000000016080000,0x0000000016180000)]
  0x00000000025ee000 JavaThread "main" [_thread_in_vm, id=10576, stack(0x0000000002640000,0x0000000002740000)]

Other Threads:
  0x0000000014ed8000 VMThread [stack: 0x0000000015f80000,0x0000000016080000] [id=9616]
  0x0000000016788000 WatcherThread [stack: 0x0000000016c80000,0x0000000016d80000] [id=7960]

VM state:not at safepoint (normal execution)

VM Mutex/Monitor currently owned by a thread: None

Heap:
 PSYoungGen      total 145408K, used 85531K [0x00000000eab00000, 0x00000000f4d00000, 0x0000000100000000)
  eden space 126464K, 55% used [0x00000000eab00000,0x00000000eefd9448,0x00000000f2680000)
  from space 18944K, 79% used [0x00000000f3980000,0x00000000f482d888,0x00000000f4c00000)
  to   space 19456K, 0% used [0x00000000f2680000,0x00000000f2680000,0x00000000f3980000)
 ParOldGen       total 84992K, used 33777K [0x00000000c0000000, 0x00000000c5300000, 0x00000000eab00000)
  object space 84992K, 39% used [0x00000000c0000000,0x00000000c20fc6e0,0x00000000c5300000)
 Metaspace       used 6747K, capacity 7632K, committed 7936K, reserved 1056768K
  class space    used 607K, capacity 648K, committed 768K, reserved 1048576K

Card table byte_map: [0x0000000011c00000,0x0000000011e10000] byte_map_base: 0x0000000011600000

Marking Bits: (ParMarkBitMap*) 0x000000005d864040
 Begin Bits: [0x0000000012370000, 0x0000000013370000)
 End Bits:   [0x0000000013370000, 0x0000000014370000)

Polling page: 0x0000000000cd0000

CodeCache: size=245760Kb used=9168Kb max_used=9168Kb free=236591Kb
 bounds [0x0000000002840000, 0x0000000003140000, 0x0000000011840000]
 total_blobs=2684 nmethods=2413 adapters=183
 compilation: enabled

Compilation events (10 events):
Event: 9.226 Thread 0x0000000014f69000 1276       3       com.android.dx.cf.direct.DirectClassFile::getAttributes (9 bytes)
Event: 9.227 Thread 0x0000000014f69000 nmethod 1276 0x0000000002d58190 code [0x0000000002d58300, 0x0000000002d58548]
Event: 9.227 Thread 0x0000000014f69000 1277       3       com.android.dx.rop.code.RegisterSpecList::getType (12 bytes)
Event: 9.227 Thread 0x0000000014f69000 nmethod 1277 0x0000000002d58610 code [0x0000000002d587a0, 0x0000000002d58df8]
Event: 9.231 Thread 0x0000000014f69000 1278       3       com.android.dx.dex.cf.AttributeTranslator::getAnnotations (22 bytes)
Event: 9.232 Thread 0x0000000014f69000 nmethod 1278 0x0000000002d58fd0 code [0x0000000002d591e0, 0x0000000002d59c68]
Event: 9.232 Thread 0x0000000014f69000 1279       3       com.android.dx.ssa.BasicRegisterMapper::<init> (17 bytes)
Event: 9.233 Thread 0x0000000014f69000 nmethod 1279 0x0000000002d5a1d0 code [0x0000000002d5a340, 0x0000000002d5a608]
Event: 9.233 Thread 0x0000000014f69000 1280       3       com.android.dx.cf.code.ConcreteMethod::getMaxLocals (8 bytes)
Event: 9.233 Thread 0x0000000014f69000 nmethod 1280 0x0000000002d5a750 code [0x0000000002d5a8a0, 0x0000000002d5aa90]

GC Heap History (0 events):
No events

Deoptimization events (10 events):
Event: 8.872 Thread 0x0000000016a87000 Uncommon trap: reason=class_check action=maybe_recompile pc=0x0000000002bbbe70 method=com.android.dx.rop.type.Type.equals(Ljava/lang/Object;)Z @ 8
Event: 8.906 Thread 0x0000000016a90800 Uncommon trap: reason=class_check action=maybe_recompile pc=0x0000000002bbbe70 method=com.android.dx.rop.type.Type.equals(Ljava/lang/Object;)Z @ 8
Event: 8.906 Thread 0x0000000016a90800 Uncommon trap: reason=class_check action=maybe_recompile pc=0x0000000002bbbe70 method=com.android.dx.rop.type.Type.equals(Ljava/lang/Object;)Z @ 8
Event: 8.906 Thread 0x0000000016a90800 Uncommon trap: reason=class_check action=maybe_recompile pc=0x0000000002bbbe70 method=com.android.dx.rop.type.Type.equals(Ljava/lang/Object;)Z @ 8
Event: 8.912 Thread 0x0000000016a90800 Uncommon trap: reason=unstable_if action=reinterpret pc=0x0000000002caeb78 method=com.android.dx.cf.code.Ropper.labelToResultIndex(I)I @ 34
Event: 8.919 Thread 0x0000000016a90800 Uncommon trap: reason=unstable_if action=reinterpret pc=0x0000000002aa8ff4 method=java.util.BitSet.ensureCapacity(I)V @ 6
Event: 9.100 Thread 0x0000000016a90800 Uncommon trap: reason=unstable_if action=reinterpret pc=0x0000000002c1b2cc method=com.android.dx.ssa.SsaMethod.onSourcesChanged(Lcom/android/dx/ssa/SsaInsn;Lcom/android/dx/rop/code/RegisterSpecList;)V @ 4
Event: 9.159 Thread 0x0000000016a90800 Uncommon trap: reason=bimorphic action=maybe_recompile pc=0x0000000002a8b2e4 method=java.util.HashMap.getNode(ILjava/lang/Object;)Ljava/util/HashMap$Node; @ 126
Event: 9.185 Thread 0x0000000016a90800 Uncommon trap: reason=bimorphic action=maybe_recompile pc=0x0000000002a7765c method=java.util.HashMap.getNode(ILjava/lang/Object;)Ljava/util/HashMap$Node; @ 126
Event: 9.185 Thread 0x0000000016a90800 Uncommon trap: reason=unstable_if action=reinterpret pc=0x0000000002d2078c method=com.android.dx.cf.code.Merger.mergeType(Lcom/android/dx/rop/type/TypeBearer;Lcom/android/dx/rop/type/TypeBearer;)Lcom/android/dx/rop/type/TypeBearer; @ 68

Internal exceptions (2 events):
Event: 4.900 Thread 0x00000000025ee000 Exception <a 'java/lang/NoSuchMethodError': Method sun.misc.Unsafe.defineClass(Ljava/lang/String;[BII)Ljava/lang/Class; name or signature does not match> (0x00000000eab0d8a8) thrown at [C:\re\workspace\8-2-build-windows-amd64-cygwin\jdk8u45\3627\hotspot\srG¬®ëX™@
Event: 4.900 Thread 0x00000000025ee000 Exception <a 'java/lang/NoSuchMethodError': Method sun.misc.Unsafe.prefetchRead(Ljava/lang/Object;J)V name or signature does not match> (0x00000000eab0db38) thrown at [C:\re\workspace\8-2-build-windows-amd64-cygwin\jdk8u45\3627\hotspot\src\share\vm\prims\j

Events (10 events):
Event: 9.159 Thread 0x0000000016a90800 DEOPT PACKING pc=0x0000000002a8b2e4 sp=0x000000001727e8a0
Event: 9.159 Thread 0x0000000016a90800 DEOPT UNPACKING pc=0x000000000288582a sp=0x000000001727e7c8 mode 2
Event: 9.175 loading class com/android/dx/cf/attrib/AttLocalVariableTypeTable
Event: 9.175 loading class com/android/dx/cf/attrib/AttLocalVariableTypeTable done
Event: 9.185 Thread 0x0000000016a90800 Uncommon trap: trap_request=0xffffffc6 fr.pc=0x0000000002a7765c
Event: 9.185 Thread 0x0000000016a90800 DEOPT PACKING pc=0x0000000002a7765c sp=0x000000001727e7f0
Event: 9.185 Thread 0x0000000016a90800 DEOPT UNPACKING pc=0x000000000288582a sp=0x000000001727e760 mode 2
Event: 9.185 Thread 0x0000000016a90800 Uncommon trap: trap_request=0xffffff65 fr.pc=0x0000000002d2078c
Event: 9.185 Thread 0x0000000016a90800 DEOPT PACKING pc=0x0000000002d2078c sp=0x000000001727e890
Event: 9.185 Thread 0x0000000016a90800 DEOPT UNPACKING pc=0x000000000288582a sp=0x000000001727e818 mode 2


Dynamic libraries:
0x00007ff68b380000 - 0x00007ff68b3b7000 	C:\Program Files\Java\jdk1.8.0_45\bin\java.exe
0x00007ffbe7610000 - 0x00007ffbe77bc000 	C:\Windows\SYSTEM32\ntdll.dll
0x00007ffbe7340000 - 0x00007ffbe747e000 	C:\Windows\system32\KERNEL32.DLL
0x00007ffbe4ac0000 - 0x00007ffbe4bd5000 	C:\Windows\system32\KERNELBASE.dll
0x00007ffbe3300000 - 0x00007ffbe338e000 	C:\Windows\system32\apphelp.dll
0x00007ffbca1f0000 - 0x00007ffbca243000 	C:\Windows\AppPatch\AppPatch64\AcGenral.DLL
0x00007ffbe70e0000 - 0x00007ffbe718a000 	C:\Windows\system32\msvcrt.dll
0x00007ffbe4590000 - 0x00007ffbe45be000 	C:\Windows\SYSTEM32\SspiCli.dll
0x00007ffbe75a0000 - 0x00007ffbe75f4000 	C:\Windows\system32\SHLWAPI.dll
0x00007ffbe63c0000 - 0x00007ffbe6537000 	C:\Windows\system32\USER32.dll
0x00007ffbe4cf0000 - 0x00007ffbe4e84000 	C:\Windows\system32\ole32.dll
0x00007ffbe4e90000 - 0x00007ffbe63bb000 	C:\Windows\system32\SHELL32.dll
0x00007ffbe3d60000 - 0x00007ffbe3d81000 	C:\Windows\SYSTEM32\USERENV.dll
0x00007ffbe6540000 - 0x00007ffbe65ea000 	C:\Windows\system32\ADVAPI32.dll
0x00007ffbd9a40000 - 0x00007ffbd9a5e000 	C:\Windows\SYSTEM32\MPR.dll
0x00007ffbe6f90000 - 0x00007ffbe70d1000 	C:\Windows\system32\RPCRT4.dll
0x00007ffbe6f30000 - 0x00007ffbe6f89000 	C:\Windows\SYSTEM32\sechost.dll
0x00007ffbe6ba0000 - 0x00007ffbe6db1000 	C:\Windows\SYSTEM32\combase.dll
0x00007ffbe7190000 - 0x00007ffbe72e0000 	C:\Windows\system32\GDI32.dll
0x00007ffbe4760000 - 0x00007ffbe4775000 	C:\Windows\SYSTEM32\profapi.dll
0x00007ffbe2dc0000 - 0x00007ffbe2e72000 	C:\Windows\SYSTEM32\SHCORE.dll
0x00007ffbe4ca0000 - 0x00007ffbe4cd6000 	C:\Windows\system32\IMM32.DLL
0x00007ffbe6860000 - 0x00007ffbe69b2000 	C:\Windows\system32\MSCTF.dll
0x00007ffbe2910000 - 0x00007ffbe2b8a000 	C:\Windows\WinSxS\amd64_microsoft.windows.common-controls_6595b64144ccf1df_6.0.9600.17810_none_6240b9c7ecbd0bda\COMCTL32.dll
0x000000005ff10000 - 0x000000005ff79000 	c:\program files (x86)\f-secure\hips\fshook64.dll
0x00007ffbe4ce0000 - 0x00007ffbe4ce7000 	C:\Windows\system32\PSAPI.DLL
0x000000005dcd0000 - 0x000000005dda2000 	C:\Program Files\Java\jdk1.8.0_45\jre\bin\msvcr100.dll
0x000000005d060000 - 0x000000005d8e3000 	C:\Program Files\Java\jdk1.8.0_45\jre\bin\server\jvm.dll
0x00007ffbdb900000 - 0x00007ffbdb909000 	C:\Windows\SYSTEM32\WSOCK32.dll
0x00007ffbdcb80000 - 0x00007ffbdcba2000 	C:\Windows\SYSTEM32\WINMM.dll
0x00007ffbdc100000 - 0x00007ffbdc10a000 	C:\Windows\SYSTEM32\VERSION.dll
0x00007ffbe7540000 - 0x00007ffbe759a000 	C:\Windows\system32\WS2_32.dll
0x00007ffbdcb50000 - 0x00007ffbdcb7a000 	C:\Windows\SYSTEM32\WINMMBASE.dll
0x00007ffbe6dc0000 - 0x00007ffbe6dc9000 	C:\Windows\system32\NSI.dll
0x00007ffbe4c40000 - 0x00007ffbe4c8f000 	C:\Windows\SYSTEM32\cfgmgr32.dll
0x00007ffbe3560000 - 0x00007ffbe3588000 	C:\Windows\SYSTEM32\DEVOBJ.dll
0x000000005e680000 - 0x000000005e68f000 	C:\Program Files\Java\jdk1.8.0_45\jre\bin\verify.dll
0x000000005d030000 - 0x000000005d059000 	C:\Program Files\Java\jdk1.8.0_45\jre\bin\java.dll
0x000000005d010000 - 0x000000005d026000 	C:\Program Files\Java\jdk1.8.0_45\jre\bin\zip.dll
0x00007ffbdbf50000 - 0x00007ffbdc0d9000 	C:\Windows\SYSTEM32\dbghelp.dll

VM Arguments:
jvm_args: -Xmx1024M -Dfile.encoding=windows-1252 -Duser.country=US -Duser.language=en -Duser.variant 
java_command: com.android.dx.command.Main --dex --num-threads=4 --output C:\Users\100472298\Desktop\AndroidStudioProjects\UISample\app\build\intermediates\pre-dexed\debug\classes-dfe42b3470981545428f7d93ddab99af242bd65b.jar C:\Users\100472298\Desktop\AndroidStudioProjects\UISample\app\build\intermediates\exploded-aar\com.google.android.gms\play-services-games\7.8.0\jars\classes.jar
java_class_path (initial): C:\Users\100472298\AppData\Local\Android\sdk\build-tools\23.0.1\lib\dx.jar
Launcher Type: SUN_STANDARD

Environment Variables:
PATH=C:\Program Files (x86)\Intel\iCLS Client\;C:\Program Files\Intel\iCLS Client\;C:\ProgramData\Oracle\Java\javapath;C:\Windows\system32;C:\Windows;C:\Windows\System32\Wbem;C:\Windows\System32\WindowsPowerShell\v1.0\;C:\Program Files\Intel\Intel(R) Management Engine Components\DAL;C:\Program Files (x86)\Intel\Intel(R) Management Engine Components\DAL;C:\Program Files\Intel\Intel(R) Management Engine Components\IPT;C:\Program Files (x86)\Intel\Intel(R) Management Engine Components\IPT;C:\Program Files (x86)\QuickTime\QTSystem\;C:\Program Files\MATLAB_R2015\runtime\win64;C:\Program Files\MATLAB_R2015\bin;C:\Program Files\Intel\WiFi\bin\;C:\Program Files\Common Files\Intel\WirelessCommon\;C:\Program Files (x86)\Windows Kits\8.1\Windows Performance Toolkit\;C:\Program Files\Microsoft SQL Server\110\Tools\Binn\;C:\Program Files (x86)\Skype\Phone\;C:\Program Files\Java\jdk1.8.0_45\bin\;C:\Program Files\Intel\WiFi\bin\;C:\Program Files\Common Files\Intel\WirelessCommon\;C:\Program Files\Java\jdk1.8.0_45\bin\
USERNAME=100472298
OS=Windows_NT
PROCESSOR_IDENTIFIER=Intel64 Family 6 Model 60 Stepping 3, GenuineIntel



---------------  S Y S T E M  ---------------

OS: Windows 8.1 , 64 bit Build 9600 (6.3.9600.17415)

CPU:total 4 (2 cores per cpu, 2 threads per core) family 6 model 60 stepping 3, cmov, cx8, fxsr, mmx, sse, sse2, sse3, ssse3, sse4.1, sse4.2, popcnt, avx, avx2, aes, clmul, erms, lzcnt, ht, tsc, tscinvbit, bmi1, bmi2

Memory: 4k page, physical 8065972k(675220k free), swap 11211700k(182064k free)

vm_info: Java HotSpot(TM) 64-Bit Server VM (25.45-b02) for windows-amd64 JRE (1.8.0_45-b15), built on Apr 30 2015 12:40:44 by "java_re" with MS VC++ 10.0 (VS2010)

time: Tue Nov 17 15:07:05 2015
elapsed time: 13 seconds (0d 0h 0m 13s)

